mktextfm EBGaramond12-Regular-osf-t1
mktextfm EBGaramond12-Regular-osf-sc-t1
mktextfm EBGaramond12-Regular-osf-t1
mktextfm EBGaramond12-Italic-osf-t1
mktextfm EBGaramond12-Regular-osf-t1
mktextfm EBGaramond12-Regular-osf-t1
mktextfm nullfont
mktextfm EBGaramond12-Regular-osf-t1
mktextfm nullfont
mktextfm EBGaramond12-Regular-osf-t1
mktextfm nullfont
mktextfm EBGaramond12-Italic-osf-t1
mktextfm EBGaramond12-Regular-osf-t1
mktextfm EBGaramond12-Regular-osf-t1
mktextfm nullfont
mktextfm EBGaramond12-Regular-osf-ts1
mktextfm EBGaramond12-Regular-osf-t1
mktextfm EBGaramond12-Regular-osf-t1
mktextfm EBGaramond12-Regular-osf-t1
mktextfm EBGaramond12-Regular-osf-sc-t1
mktextfm EBGaramond12-Regular-osf-t1
mktextfm EBGaramond12-Italic-osf-t1
mktextfm EBGaramond12-Italic-osf-t1
mktextfm EBGaramond12-Regular-osf-t1
mktextfm EBGaramond12-Regular-osf-t1
mktextfm nullfont
mktextfm EBGaramond12-Regular-osf-t1
mktextfm nullfont
mktextfm EBGaramond12-Regular-osf-t1
mktextfm nullfont
mktextfm EBGaramond12-Regular-osf-t1
mktextfm EBGaramond12-Regular-osf-t1
mktextfm EBGaramond12-Regular-osf-t1
mktextfm EBGaramond12-Italic-osf-t1
mktextfm EBGaramond12-Regular-osf-t1
mktextfm EBGaramond12-Regular-osf-t1
mktextfm EBGaramond12-Regular-osf-t1
mktextfm nullfont
mktextfm EBGaramond12-Regular-osf-ts1
mktextfm EBGaramond12-Italic-osf-t1
mktextfm EBGaramond12-Italic-osf-t1
mktextfm EBGaramond12-Regular-osf-t1
mktextfm EBGaramond12-Regular-osf-sc-t1
mktextfm EBGaramond12-Regular-osf-t1
mktextfm EBGaramond12-Italic-osf-t1
mktextfm EBGaramond12-Italic-osf-t1
mktextfm EBGaramond12-Regular-osf-t1
mktextfm EBGaramond12-Regular-osf-t1
mktextfm nullfont
mktextfm EBGaramond12-Regular-osf-t1
mktextfm nullfont
mktextfm EBGaramond12-Regular-osf-t1
mktextfm nullfont
mktextfm EBGaramond12-Regular-osf-t1
mktextfm EBGaramond12-Regular-osf-t1
mktextfm EBGaramond12-Regular-osf-t1
mktextfm EBGaramond12-Italic-osf-t1
mktextfm EBGaramond12-Regular-osf-t1
mktextfm EBGaramond12-Regular-osf-t1
mktextfm EBGaramond12-Regular-osf-t1
mktextfm nullfont
mktextfm EBGaramond12-Regular-osf-ts1
mktextfm EBGaramond12-Italic-osf-t1
mktextfm EBGaramond12-Italic-osf-t1
mktextfm EBGaramond12-Regular-osf-t1
mktextfm EBGaramond12-Regular-osf-sc-t1
mktextfm EBGaramond12-Regular-osf-t1
mktextfm EBGaramond12-Italic-osf-t1
mktextfm EBGaramond12-Italic-osf-t1
mktextfm EBGaramond12-Regular-osf-t1
mktextfm EBGaramond12-Regular-osf-t1
mktextfm nullfont
mktextfm EBGaramond12-Regular-osf-t1
mktextfm nullfont
mktextfm EBGaramond12-Regular-osf-t1
mktextfm nullfont
mktextfm EBGaramond12-Regular-osf-t1
mktextfm EBGaramond12-Regular-osf-t1
mktextfm EBGaramond12-Regular-osf-t1
mktextfm EBGaramond12-Italic-osf-t1
mktextfm EBGaramond12-Regular-osf-t1
mktextfm EBGaramond12-Regular-osf-t1
mktextfm EBGaramond12-Regular-osf-t1
mktextfm nullfont
mktextfm EBGaramond12-Regular-osf-ts1
mktextfm EBGaramond12-Italic-osf-t1
mktextfm EBGaramond12-Italic-osf-t1
mktextfm EBGaramond12-Regular-osf-t1
mktextfm EBGaramond12-Regular-osf-sc-t1
mktextfm EBGaramond12-Regular-osf-t1
mktextfm EBGaramond12-Italic-osf-t1
mktextfm EBGaramond12-Italic-osf-t1
mktextfm EBGaramond12-Regular-osf-t1
mktextfm EBGaramond12-Regular-osf-t1
mktextfm nullfont
mktextfm EBGaramond12-Regular-osf-t1
mktextfm nullfont
mktextfm EBGaramond12-Regular-osf-t1
mktextfm nullfont
mktextfm EBGaramond12-Regular-osf-t1
mktextfm EBGaramond12-Regular-osf-t1
mktextfm EBGaramond12-Regular-osf-t1
mktextfm EBGaramond12-Italic-osf-t1
mktextfm EBGaramond12-Regular-osf-t1
mktextfm EBGaramond12-Regular-osf-t1
mktextfm EBGaramond12-Regular-osf-t1
mktextfm nullfont
mktextfm EBGaramond12-Regular-osf-ts1
mktextfm EBGaramond12-Italic-osf-t1
mktextfm EBGaramond12-Italic-osf-t1
mktextfm EBGaramond12-Regular-osf-t1
mktextfm EBGaramond12-Regular-osf-sc-t1
mktextfm EBGaramond12-Regular-osf-t1
mktextfm EBGaramond12-Italic-osf-t1
mktextfm EBGaramond12-Italic-osf-t1
mktextfm EBGaramond12-Regular-osf-t1
mktextfm EBGaramond12-Regular-osf-t1
mktextfm nullfont
mktextfm EBGaramond12-Regular-osf-t1
mktextfm nullfont
mktextfm EBGaramond12-Regular-osf-t1
mktextfm nullfont
mktextfm EBGaramond12-Regular-osf-t1
mktextfm EBGaramond12-Regular-osf-t1
mktextfm EBGaramond12-Regular-osf-t1
mktextfm EBGaramond12-Italic-osf-t1
mktextfm EBGaramond12-Regular-osf-t1
mktextfm EBGaramond12-Regular-osf-t1
mktextfm EBGaramond12-Regular-osf-t1
mktextfm nullfont
mktextfm EBGaramond12-Regular-osf-ts1
mktextfm EBGaramond12-Italic-osf-t1
mktextfm EBGaramond12-Italic-osf-t1
mktextfm EBGaramond12-Regular-osf-t1
mktextfm EBGaramond12-Regular-osf-sc-t1
mktextfm EBGaramond12-Regular-osf-t1
mktextfm EBGaramond12-Italic-osf-t1
mktextfm EBGaramond12-Italic-osf-t1
mktextfm EBGaramond12-Regular-osf-t1
mktextfm EBGaramond12-Regular-osf-t1
mktextfm nullfont
mktextfm EBGaramond12-Regular-osf-t1
mktextfm nullfont
mktextfm EBGaramond12-Regular-osf-t1
mktextfm nullfont
mktextfm EBGaramond12-Regular-osf-t1
mktextfm EBGaramond12-Regular-osf-t1
mktextfm EBGaramond12-Regular-osf-t1
mktextfm EBGaramond12-Italic-osf-t1
mktextfm EBGaramond12-Regular-osf-t1
mktextfm EBGaramond12-Regular-osf-t1
mktextfm EBGaramond12-Regular-osf-t1
mktextfm nullfont
mktextfm EBGaramond12-Regular-osf-ts1
mktextfm EBGaramond12-Italic-osf-t1
mktextfm EBGaramond12-Italic-osf-t1
