\BOOKMARK [0][-]{chapter.1}{Introduction}{}
\BOOKMARK [0][-]{chapter.2}{Literature Review}{}
\BOOKMARK [1][-]{section.2.1}{Cardiac Physiology}{chapter.2}
\BOOKMARK [2][-]{subsection.2.1.1}{Structure of the Mammalian Heart}{section.2.1}
\BOOKMARK [2][-]{subsection.2.1.2}{Electrophysiological Properties of Cardiomyocytes}{section.2.1}
\BOOKMARK [3][-]{section*.7}{The Action Potential}{subsection.2.1.2}
\BOOKMARK [3][-]{section*.10}{Ion Channel Dynamics}{subsection.2.1.2}
\BOOKMARK [3][-]{section*.11}{Excitation-Contraction Coupling}{subsection.2.1.2}
\BOOKMARK [1][-]{section.2.2}{Computational Cell Models}{chapter.2}
\BOOKMARK [2][-]{subsection.2.2.1}{Key Concepts}{section.2.2}
\BOOKMARK [3][-]{section*.12}{Nernst Potential}{subsection.2.2.1}
\BOOKMARK [3][-]{section*.13}{Hodgkin-Huxley Current}{subsection.2.2.1}
\BOOKMARK [3][-]{section*.14}{Markov Models}{subsection.2.2.1}
\BOOKMARK [2][-]{subsection.2.2.2}{Development}{section.2.2}
\BOOKMARK [2][-]{subsection.2.2.3}{Difficulties in Model Construction}{section.2.2}
\BOOKMARK [1][-]{section.2.3}{Variation}{chapter.2}
\BOOKMARK [2][-]{subsection.2.3.1}{Experimental \046 Physiological Variation}{section.2.3}
\BOOKMARK [3][-]{section*.15}{Action Potential Variation}{subsection.2.3.1}
\BOOKMARK [3][-]{section*.16}{Ion Channel Variation}{subsection.2.3.1}
\BOOKMARK [2][-]{subsection.2.3.2}{Computational Modelling of Variation}{section.2.3}
\BOOKMARK [1][-]{section.2.4}{Cardiac Disease}{chapter.2}
\BOOKMARK [2][-]{subsection.2.4.1}{Isch\346mia}{section.2.4}
\BOOKMARK [3][-]{section*.19}{Anoxia}{subsection.2.4.1}
\BOOKMARK [3][-]{section*.20}{Hyperkal\346mia}{subsection.2.4.1}
\BOOKMARK [3][-]{section*.21}{Acidosis}{subsection.2.4.1}
\BOOKMARK [2][-]{subsection.2.4.2}{Arrhythmogenesis}{section.2.4}
\BOOKMARK [3][-]{section*.23}{Delayed and Early After Depolarisations}{subsection.2.4.2}
\BOOKMARK [3][-]{section*.24}{Alternans}{subsection.2.4.2}
\BOOKMARK [3][-]{section*.26}{Spiral Waves \046 Rotors}{subsection.2.4.2}
\BOOKMARK [3][-]{section*.27}{Re-entry}{subsection.2.4.2}
\BOOKMARK [0][-]{chapter.3}{Parameter Space Exploration}{}
\BOOKMARK [1][-]{section.3.1}{Important Considerations}{chapter.3}
\BOOKMARK [1][-]{section.3.2}{Constructing the Model Population}{chapter.3}
\BOOKMARK [0][-]{appendix.A}{Diffusion}{}
\BOOKMARK [1][-]{section.A.1}{Simple Diffusion}{appendix.A}
\BOOKMARK [1][-]{section.A.2}{Facilitated Diffusion, Michaelis-Menten Kinetics}{appendix.A}
\BOOKMARK [1][-]{section.A.3}{Electrodiffusion}{appendix.A}
\BOOKMARK [2][-]{subsection.A.3.1}{The Nernst Equeation}{section.A.3}
