This is pdfTeXk, Version 3.141592-1.40.3 (Web2C 7.5.6) (format=pdflatex 2012.6.21)  3 JAN 2013 16:02
entering extended mode
 %&-line parsing enabled.
**litreview.tex
(/users/philg/Documents/3_2010-2011/thesis/LitReview/litreview.tex
LaTeX2e <2005/12/01>
Babel <v3.8h> and hyphenation patterns for english, usenglishmax, dumylang, noh
yphenation, arabic, basque, bulgarian, coptic, welsh, czech, slovak, german, ng
erman, danish, esperanto, spanish, catalan, galician, estonian, farsi, finnish,
 french, greek, monogreek, ancientgreek, croatian, hungarian, interlingua, ibyc
us, indonesian, icelandic, italian, latin, mongolian, dutch, norsk, polish, por
tuguese, pinyin, romanian, russian, slovenian, uppersorbian, serbian, swedish, 
turkish, ukenglish, ukrainian, loaded.
(/users/philg/texmf/tex/latex/commonstuff/subfiles/subfiles.cls
Document Class: subfiles 2012/05/23 Federico Garcia
(/usr/share/texmf/tex/latex/tools/verbatim.sty
Package: verbatim 2003/08/22 v1.5q LaTeX2e package for verbatim enhancements
\every@verbatim=\toks14
\verbatim@line=\toks15
\verbatim@in@stream=\read1
)
Preamble taken from file `../thesis-main.tex'
(../thesis-main.tex (/usr/share/texmf/tex/latex/base/report.cls
Document Class: report 2005/09/16 v1.4f Standard LaTeX document class
(/usr/share/texmf/tex/latex/base/size12.clo
File: size12.clo 2005/09/16 v1.4f Standard LaTeX file (size option)
)
\c@part=\count79
\c@chapter=\count80
\c@section=\count81
\c@subsection=\count82
\c@subsubsection=\count83
\c@paragraph=\count84
\c@subparagraph=\count85
\c@figure=\count86
\c@table=\count87
\abovecaptionskip=\skip41
\belowcaptionskip=\skip42
\bibindent=\dimen102
)
(/users/philg/Documents/3_2010-2011/thesis/preamble.tex
(/users/philg/texmf/tex/latex/commonstuff/Setup/avlthesis.sty
\chaplen=\skip43
\chaptitlewidth=\skip44
\pagewidth=\skip45
\diagramwidth=\skip46
\imwidth=\skip47
\imwidthsix=\skip48
\imwidththree=\skip49
\imwidthfour=\skip50
)
(/users/philg/texmf/tex/latex/commonstuff/Setup/avldefs.sty
Package: avldefs 
)
(/users/philg/texmf/tex/latex/commonstuff/Setup/mydefs.sty)
(/usr/share/texmf/tex/latex/ltxmisc/url.sty
\Urlmuskip=\muskip10
Package: url 2005/06/27  ver 3.2  Verb mode for urls, etc.
)
(/usr/share/texmf/tex/latex/xcolor/xcolor.sty
Package: xcolor 2007/01/21 v2.11 LaTeX color extensions (UK)

(/usr/share/texmf/tex/latex/config/color.cfg
File: color.cfg 2007/01/18 v1.5 color configuration of teTeX/TeXLive
)
Package xcolor Info: Package option `usenames' ignored on input line 216.
Package xcolor Info: Driver file: pdftex.def on input line 225.

(/usr/share/texmf/tex/latex/pdftex-def/pdftex.def
File: pdftex.def 2007/01/08 v0.04d Graphics/color for pdfTeX
\Gread@gobject=\count88
)
(/usr/share/texmf/tex/latex/colortbl/colortbl.sty
Package: colortbl 2001/02/13 v0.1j Color table columns (DPC)

(/usr/share/texmf/tex/latex/tools/array.sty
Package: array 2005/08/23 v2.4b Tabular extension package (FMi)
\col@sep=\dimen103
\extrarowheight=\dimen104
\NC@list=\toks16
\extratabsurround=\skip51
\backup@length=\skip52
)
\everycr=\toks17
\minrowclearance=\skip53
)
\rownum=\count89
Package xcolor Info: Model `cmy' substituted by `cmy0' on input line 1337.
Package xcolor Info: Model `hsb' substituted by `rgb' on input line 1341.
Package xcolor Info: Model `RGB' extended on input line 1353.
Package xcolor Info: Model `HTML' substituted by `rgb' on input line 1355.
Package xcolor Info: Model `Hsb' substituted by `hsb' on input line 1356.
Package xcolor Info: Model `tHsb' substituted by `hsb' on input line 1357.
Package xcolor Info: Model `HSB' substituted by `hsb' on input line 1358.
Package xcolor Info: Model `Gray' substituted by `gray' on input line 1359.
Package xcolor Info: Model `wave' substituted by `hsb' on input line 1360.

(/usr/share/texmf/tex/latex/graphics/dvipsnam.def
File: dvipsnam.def 1999/02/16 v3.0i Driver-dependant file (DPC,SPQR)
)
(/usr/share/texmf/tex/latex/xcolor/svgnam.def
File: svgnam.def 2007/01/21 v2.11 Predefined colors according to SVG 1.1 (UK)
))
(/usr/share/texmf/tex/latex/amsmath/amsmath.sty
Package: amsmath 2000/07/18 v2.13 AMS math features
\@mathmargin=\skip54

For additional information on amsmath, use the `?' option.
(/usr/share/texmf/tex/latex/amsmath/amstext.sty
Package: amstext 2000/06/29 v2.01

(/usr/share/texmf/tex/latex/amsmath/amsgen.sty
File: amsgen.sty 1999/11/30 v2.0
\@emptytoks=\toks18
\ex@=\dimen105
))
(/usr/share/texmf/tex/latex/amsmath/amsbsy.sty
Package: amsbsy 1999/11/29 v1.2d
\pmbraise@=\dimen106
)
(/usr/share/texmf/tex/latex/amsmath/amsopn.sty
Package: amsopn 1999/12/14 v2.01 operator names
)
\inf@bad=\count90
LaTeX Info: Redefining \frac on input line 211.
\uproot@=\count91
\leftroot@=\count92
LaTeX Info: Redefining \overline on input line 307.
\classnum@=\count93
\DOTSCASE@=\count94
LaTeX Info: Redefining \ldots on input line 379.
LaTeX Info: Redefining \dots on input line 382.
LaTeX Info: Redefining \cdots on input line 467.
\Mathstrutbox@=\box26
\strutbox@=\box27
\big@size=\dimen107
LaTeX Font Info:    Redeclaring font encoding OML on input line 567.
LaTeX Font Info:    Redeclaring font encoding OMS on input line 568.


Package amsmath Warning: Unable to redefine math accent \vec.

\macc@depth=\count95
\c@MaxMatrixCols=\count96
\dotsspace@=\muskip11
\c@parentequation=\count97
\dspbrk@lvl=\count98
\tag@help=\toks19
\row@=\count99
\column@=\count100
\maxfields@=\count101
\andhelp@=\toks20
\eqnshift@=\dimen108
\alignsep@=\dimen109
\tagshift@=\dimen110
\tagwidth@=\dimen111
\totwidth@=\dimen112
\lineht@=\dimen113
\@envbody=\toks21
\multlinegap=\skip55
\multlinetaggap=\skip56
\mathdisplay@stack=\toks22
LaTeX Info: Redefining \[ on input line 2666.
LaTeX Info: Redefining \] on input line 2667.
) (/usr/share/texmf/tex/latex/amsfonts/amsfonts.sty
Package: amsfonts 2001/10/25 v2.2f
\symAMSa=\mathgroup4
\symAMSb=\mathgroup5
LaTeX Font Info:    Overwriting math alphabet `\mathfrak' in version `bold'
(Font)                  U/euf/m/n --> U/euf/b/n on input line 132.
)
(/users/philg/texmf/tex/latex/commonstuff/Setup/algorithm.sty
\c@algorithm=\count102
\Blockindent=\skip57
\algorithmindent=\skip58
)
(/users/philg/texmf/tex/latex/commonstuff/Setup/algorithmic.sty
Package: algorithmic 2005/07/05

Document Style `algorithmic' - environment
(/usr/share/texmf/tex/latex/base/ifthen.sty
Package: ifthen 2001/05/26 v1.1c Standard LaTeX ifthen package (DPC)
)
(/usr/share/texmf/tex/latex/tools/calc.sty
Package: calc 2005/08/06 v4.2 Infix arithmetic (KKT,FJ)
\calc@Acount=\count103
\calc@Bcount=\count104
\calc@Adimen=\dimen114
\calc@Bdimen=\dimen115
\calc@Askip=\skip59
\calc@Bskip=\skip60
LaTeX Info: Redefining \setlength on input line 75.
LaTeX Info: Redefining \addtolength on input line 76.
\calc@Ccount=\count105
\calc@Cskip=\skip61
)
(/usr/share/texmf/tex/latex/graphics/keyval.sty
Package: keyval 1999/03/16 v1.13 key=value parser (DPC)
\KV@toks@=\toks23
)
\c@ALC@line=\count106
\c@ALC@rem=\count107
\c@ALC@depth=\count108
\ALC@tlm=\skip62
\algorithmicindent=\skip63
)
(/usr/share/texmf/tex/latex/graphics/graphicx.sty
Package: graphicx 1999/02/16 v1.0f Enhanced LaTeX Graphics (DPC,SPQR)

(/usr/share/texmf/tex/latex/graphics/graphics.sty
Package: graphics 2006/02/20 v1.0o Standard LaTeX Graphics (DPC,SPQR)

(/usr/share/texmf/tex/latex/graphics/trig.sty
Package: trig 1999/03/16 v1.09 sin cos tan (DPC)
)
(/usr/share/texmf/tex/latex/config/graphics.cfg
File: graphics.cfg 2007/01/18 v1.5 graphics configuration of teTeX/TeXLive
)
Package graphics Info: Driver file: pdftex.def on input line 90.
)
\Gin@req@height=\dimen116
\Gin@req@width=\dimen117
)
(/usr/share/texmf/tex/latex/graphics/epsfig.sty
Package: epsfig 1999/02/16 v1.7a (e)psfig emulation (SPQR)
\epsfxsize=\dimen118
\epsfysize=\dimen119
)
(/users/philg/texmf/tex/latex/commonstuff/caption/caption.sty
Package: caption 2012/02/19 v3.2f Customizing captions (AR)

(/users/philg/texmf/tex/latex/commonstuff/caption/caption3.sty
Package: caption3 2012/01/12 v1.4b caption3 kernel (AR)
\captionmargin=\dimen120
\captionmargin@=\dimen121
\captionwidth=\dimen122
\caption@indent=\dimen123
\caption@parindent=\dimen124
\caption@hangindent=\dimen125
)
\c@ContinuedFloat=\count109
)
(/usr/share/texmf/tex/latex/multirow/multirow.sty
\bigstrutjot=\dimen126
)
(/users/philg/texmf/tex/latex/commonstuff/caption/subcaption.sty
Package: subcaption 2012/01/12 v1.1d Sub-captions (AR)
\c@subfigure=\count110
\c@subtable=\count111
)
(/usr/share/texmf/tex/latex/sidecap/sidecap.sty
Package: sidecap 2003/06/06 v1.6f SideCap Package (RN/HjG)
\SC@BOXWD=\dimen127
\SC@CAPWD=\dimen128
\SC@tempdima=\dimen129
\SC@tempdimb=\dimen130
\c@SC@C=\count112
\SC@BOX=\box28
)
(/usr/share/texmf/tex/latex/ltxmisc/parskip.sty
Package: parskip 2001/04/09 non-zero parskip adjustments
)
(/usr/share/texmf/tex/latex/preprint/fullpage.sty
Package: fullpage 1999/02/23 1.1 (PWD)
\FP@margin=\skip64
)
(/usr/share/texmf/tex/latex/natbib/natbib.sty
Package: natbib 2007/02/05 8.0 (PWD)
\bibhang=\skip65
\bibsep=\skip66
LaTeX Info: Redefining \cite on input line 602.
\c@NAT@ctr=\count113
)
(/users/philg/texmf/tex/latex/commonstuff/citesort.sty
\@minsofar=\count114
\@min=\count115
\@cite@temp=\count116
)
(/usr/share/texmf/tex/latex/hyperref/hyperref.sty
Package: hyperref 2007/02/07 v6.75r Hypertext links for LaTeX
\@linkdim=\dimen131
\Hy@linkcounter=\count117
\Hy@pagecounter=\count118

(/usr/share/texmf/tex/latex/hyperref/pd1enc.def
File: pd1enc.def 2007/02/07 v6.75r Hyperref: PDFDocEncoding definition (HO)
)
(/usr/share/texmf/tex/latex/config/hyperref.cfg
File: hyperref.cfg 2002/06/06 v1.2 hyperref configuration of TeXLive
)
(/usr/share/texmf/tex/latex/oberdiek/kvoptions.sty
Package: kvoptions 2006/08/22 v2.4 Connects package keyval with LaTeX options (
HO)
)
Package hyperref Info: Hyper figures OFF on input line 2288.
Package hyperref Info: Link nesting OFF on input line 2293.
Package hyperref Info: Hyper index ON on input line 2296.
Package hyperref Info: Plain pages OFF on input line 2303.
Package hyperref Info: Backreferencing OFF on input line 2308.

Implicit mode ON; LaTeX internals redefined
Package hyperref Info: Bookmarks ON on input line 2444.
LaTeX Info: Redefining \url on input line 2599.
\Fld@menulength=\count119
\Field@Width=\dimen132
\Fld@charsize=\dimen133
\Choice@toks=\toks24
\Field@toks=\toks25
Package hyperref Info: Hyper figures OFF on input line 3102.
Package hyperref Info: Link nesting OFF on input line 3107.
Package hyperref Info: Hyper index ON on input line 3110.
Package hyperref Info: backreferencing OFF on input line 3117.
Package hyperref Info: Link coloring OFF on input line 3122.
\Hy@abspage=\count120
\c@Item=\count121
\c@Hfootnote=\count122
)
*hyperref using default driver hpdftex*
(/usr/share/texmf/tex/latex/hyperref/hpdftex.def
File: hpdftex.def 2007/02/07 v6.75r Hyperref driver for pdfTeX
\Fld@listcount=\count123
)
(/users/philg/texmf/tex/latex/commonstuff/subfiles/subfiles.sty
Package: subfiles 2012/05/23 Federico Garcia
)
(/usr/share/texmf/tex/latex/units/nicefrac.sty
Package: nicefrac 1998/08/04 v0.9b Nice fractions
\L@UnitsRaiseDisplaystyle=\skip67
\L@UnitsRaiseTextstyle=\skip68
\L@UnitsRaiseScriptstyle=\skip69
)
(/users/philg/texmf/tex/latex/commonstuff/mhchem/mhchem.sty
Package: mhchem 2011/06/03 v3.11 for typesetting chemical formulae

(/usr/share/texmf/tex/latex/oberdiek/twoopt.sty
Package: twoopt 2006/02/20 v1.4 Definitions with two optional arguments (HO)
)
\tok@mhchem@ce@iii=\toks26
\mhchem@arrowminlength=\skip70
\mhchem@arrows@box=\box29
\mhchem@arrowlength@pgf=\skip71
\mhchem@arrowminlength@pgf=\skip72
\mhchem@bondwidth=\skip73
\mhchem@bondheight=\skip74
\mhchem@smallbondwidth@tmpA=\skip75
\mhchem@smallbondwidth@tmpB=\skip76
\mhchem@smallbondwidth=\skip77
\mhchem@cf@result=\toks27
\mhchem@cf@element=\toks28
\mhchem@cf@amount=\toks29
\mhchem@cf@sup=\toks30
\mhchem@cf@presub=\toks31
\mhchem@cf@presup=\toks32
\mhchem@cf@replaceMath@result=\toks33
\mhchem@cf@replaceMathMinusDot@result=\toks34
\mhchem@prepostscript@tmp@i=\skip78
\mhchem@prepostscript@tmp@ii=\skip79
\mhchem@mathbox@tmp@i=\skip80
\mhchem@mathbox@tmp@ii=\skip81
\mhchem@minispace@tmp=\skip82
\mhchem@option@minussidebearingleft=\skip83
\mhchem@option@minussidebearingright=\skip84
)
(/usr/share/texmf/tex/latex/base/fix-cm.sty
Package: fix-cm 2006/03/24 v1.1n fixes to LaTeX

(/usr/share/texmf/tex/latex/base/ts1enc.def
File: ts1enc.def 2001/06/05 v3.0e (jk/car/fm) Standard LaTeX file
))
(/usr/share/texmf/tex/latex/base/fontenc.sty
Package: fontenc 2005/09/27 v1.99g Standard LaTeX package

(/usr/share/texmf/tex/latex/base/t1enc.def
File: t1enc.def 2005/09/27 v1.99g Standard LaTeX file
LaTeX Font Info:    Redeclaring font encoding T1 on input line 43.
))
\mybox=\box30

(/users/philg/Documents/3_2010-2011/thesis/titledata.tex))))
(/users/philg/Documents/3_2010-2011/thesis/LitReview/litreview.aux)
\openout1 = `litreview.aux'.

LaTeX Font Info:    Checking defaults for OML/cmm/m/it on input line 3.
LaTeX Font Info:    ... okay on input line 3.
LaTeX Font Info:    Checking defaults for T1/cmr/m/n on input line 3.
LaTeX Font Info:    ... okay on input line 3.
LaTeX Font Info:    Checking defaults for OT1/cmr/m/n on input line 3.
LaTeX Font Info:    ... okay on input line 3.
LaTeX Font Info:    Checking defaults for OMS/cmsy/m/n on input line 3.
LaTeX Font Info:    ... okay on input line 3.
LaTeX Font Info:    Checking defaults for OMX/cmex/m/n on input line 3.
LaTeX Font Info:    ... okay on input line 3.
LaTeX Font Info:    Checking defaults for U/cmr/m/n on input line 3.
LaTeX Font Info:    ... okay on input line 3.
LaTeX Font Info:    Checking defaults for PD1/pdf/m/n on input line 3.
LaTeX Font Info:    ... okay on input line 3.
LaTeX Font Info:    Checking defaults for TS1/cmr/m/n on input line 3.
LaTeX Font Info:    ... okay on input line 3.
Package caption Info: Begin \AtBeginDocument code.
Package caption Info: hyperref package is loaded.
Package caption Info: sidecap package is loaded.
Package caption Info: End \AtBeginDocument code.

(/usr/share/texmf/tex/latex/ragged2e/ragged2e.sty
Package: ragged2e 2003/03/25 v2.04 ragged2e Package (MS)

(/usr/share/texmf/tex/latex/everysel/everysel.sty
Package: everysel 1999/06/08 v1.03 EverySelectfont Package (MS)
LaTeX Info: Redefining \selectfont on input line 125.
)
\CenteringLeftskip=\skip85
\RaggedLeftLeftskip=\skip86
\RaggedRightLeftskip=\skip87
\CenteringRightskip=\skip88
\RaggedLeftRightskip=\skip89
\RaggedRightRightskip=\skip90
\CenteringParfillskip=\skip91
\RaggedLeftParfillskip=\skip92
\RaggedRightParfillskip=\skip93
\JustifyingParfillskip=\skip94
\CenteringParindent=\skip95
\RaggedLeftParindent=\skip96
\RaggedRightParindent=\skip97
\JustifyingParindent=\skip98
)
Package hyperref Info: Link coloring OFF on input line 3.

(/usr/share/texmf/tex/latex/hyperref/nameref.sty
Package: nameref 2006/12/27 v2.28 Cross-referencing by name of section

(/usr/share/texmf/tex/latex/oberdiek/refcount.sty
Package: refcount 2006/02/20 v3.0 Data extraction from references (HO)
)
\c@section@level=\count124
)
LaTeX Info: Redefining \ref on input line 3.
LaTeX Info: Redefining \pageref on input line 3.

(/users/philg/Documents/3_2010-2011/thesis/LitReview/litreview.out)
(/users/philg/Documents/3_2010-2011/thesis/LitReview/litreview.out)
\@outlinefile=\write3
\openout3 = `litreview.out'.


<heart_labels.png, id=23, 1135.24126pt x 692.5875pt>
File: heart_labels.png Graphic file (type png)
 <use heart_labels.png>
[1{/usr/share/texmf/fonts/map/pdftex/updmap/pdftex.map}


Non-PDF special ignored! </users/philg/Documents/3_2010-2011/thesis/LitReview/h
eart_labels.png>] <myocytes.png, id=41, 4341.21875pt x 2930.95pt>
File: myocytes.png Graphic file (type png)

<use myocytes.png> <myocyte-image.jpg, id=42, 1284.8pt x 1027.84pt>
File: myocyte-image.jpg Graphic file (type jpg)

<use myocyte-image.jpg>
<cardiac_conduction.png, id=50, 485.815pt x 318.18875pt>
File: cardiac_conduction.png Graphic file (type png)

<use cardiac_conduction.png> [2 </users/philg/Documents/3_2010-2011/thesis/LitR
eview/myocytes.png> </users/philg/Documents/3_2010-2011/thesis/LitReview/myocyt
e-image.jpg>]
LaTeX Font Info:    Try loading font information for U+msa on input line 60.
 (/usr/share/texmf/tex/latex/amsfonts/umsa.fd
File: umsa.fd 2002/01/19 v2.2g AMS font definitions
)
LaTeX Font Info:    Try loading font information for U+msb on input line 60.

(/usr/share/texmf/tex/latex/amsfonts/umsb.fd
File: umsb.fd 2002/01/19 v2.2g AMS font definitions
) [3 </users/philg/Documents/3_2010-2011/thesis/LitReview/cardiac_conduction.pn
g (PNG copy)>]

Package natbib Warning: Citation `Bezanilla2000' on page 4 undefined on input l
ine 62.


Package natbib Warning: Citation `Carmeliet2002' on page 4 undefined on input l
ine 64.


Package natbib Warning: Citation `Roden2002' on page 4 undefined on input line 
64.


Package natbib Warning: Citation `Carmeliet2002' on page 4 undefined on input l
ine 66.

<ap-structure-full.png, id=72, 1148.29pt x 645.41125pt>
File: ap-structure-full.png Graphic file (type png)

<use ap-structure-full.png> [4]

Package natbib Warning: Citation `Carmeliet2006' on page 5 undefined on input l
ine 80.

[5 </users/philg/Documents/3_2010-2011/thesis/LitReview/ap-structure-full.png>]

Package natbib Warning: Citation `Roden1998' on page 6 undefined on input line 
84.


Package natbib Warning: Citation `Varro2000' on page 6 undefined on input line 
84.


Package natbib Warning: Citation `Xiao2008' on page 6 undefined on input line 8
4.


Package natbib Warning: Citation `Varro2011' on page 6 undefined on input line 
84.


Package natbib Warning: Citation `Carmeliet2006' on page 6 undefined on input l
ine 84.


Package natbib Warning: Citation `Varro2011' on page 6 undefined on input line 
88.


Package natbib Warning: Citation `Spector1996' on page 6 undefined on input lin
e 88.


Package natbib Warning: Citation `Carmeliet2006' on page 6 undefined on input l
ine 88.


Package natbib Warning: Citation `Virag2009' on page 6 undefined on input line 
88.


Package natbib Warning: Citation `Varro2000' on page 6 undefined on input line 
90.


Package natbib Warning: Citation `Lengyel2001' on page 6 undefined on input lin
e 90.


Package natbib Warning: Citation `Jost2005' on page 6 undefined on input line 9
0.


Package natbib Warning: Citation `Vandenberg2001' on page 6 undefined on input 
line 90.


Package natbib Warning: Citation `Haverkamp2000' on page 6 undefined on input l
ine 90.


Package natbib Warning: Citation `Jost2005' on page 6 undefined on input line 9
2.


Package natbib Warning: Citation `Varro2011' on page 6 undefined on input line 
92.


Package natbib Warning: Citation `Silva2005' on page 6 undefined on input line 
92.

[6]

Package natbib Warning: Citation `Varro2000' on page 7 undefined on input line 
94.


Package natbib Warning: Citation `Lengyel2001' on page 7 undefined on input lin
e 94.


Package natbib Warning: Citation `Jost2005' on page 7 undefined on input line 9
4.


Package natbib Warning: Citation `Varro2011' on page 7 undefined on input line 
94.


Package natbib Warning: Citation `Jost2005' on page 7 undefined on input line 9
4.


Package natbib Warning: Citation `Carmeliet2006' on page 7 undefined on input l
ine 94.


Package natbib Warning: Citation `Vandenberg2001' on page 7 undefined on input 
line 96.


Package natbib Warning: Citation `Carmeliet2006' on page 7 undefined on input l
ine 96.


Package natbib Warning: Citation `Xiao2008' on page 7 undefined on input line 9
6.

[7]

Package natbib Warning: Citation `Carmeliet2006' on page 8 undefined on input l
ine 104.


Package natbib Warning: Citation `Cleemann1998' on page 8 undefined on input li
ne 114.


Package natbib Warning: Citation `Cleemann1998' on page 8 undefined on input li
ne 114.


Package natbib Warning: Citation `Greenstein2002' on page 8 undefined on input 
line 114.


Package natbib Warning: Citation `Franzini-Armstrong2005' on page 8 undefined o
n input line 114.

[8]

Package natbib Warning: Citation `Noble2001' on page 9 undefined on input line 
120.


Package natbib Warning: Citation `Noble2001' on page 9 undefined on input line 
126.


Package natbib Warning: Citation `Noble2012' on page 9 undefined on input line 
126.


Package natbib Warning: Citation `Noble2011' on page 9 undefined on input line 
126.


Package natbib Warning: Citation `Puglisi2004' on page 9 undefined on input lin
e 126.


Package natbib Warning: Citation `Rudy2006' on page 9 undefined on input line 1
26.


Package natbib Warning: Citation `Niederer2009' on page 9 undefined on input li
ne 126.


Package natbib Warning: Citation `Hodgkin1952' on page 9 undefined on input lin
e 128.


Package natbib Warning: Citation `Fitzhugh1960' on page 9 undefined on input li
ne 128.


Package natbib Warning: Citation `Noble1960' on page 9 undefined on input line 
130.


Package natbib Warning: Citation `Noble1962' on page 9 undefined on input line 
130.


Package natbib Warning: Citation `Hutter1960' on page 9 undefined on input line
 130.


Package natbib Warning: Citation `Carmeliet1961' on page 9 undefined on input l
ine 130.


Package natbib Warning: Citation `Hall1963' on page 9 undefined on input line 1
30.

[9]

Package natbib Warning: Citation `Krause1966' on page 10 undefined on input lin
e 132.


Package natbib Warning: Citation `McAllister1975' on page 10 undefined on input
 line 132.


Package natbib Warning: Citation `DiFrancesco1985' on page 10 undefined on inpu
t line 132.


Package natbib Warning: Citation `Krause1966' on page 10 undefined on input lin
e 134.


Package natbib Warning: Citation `Beeler1977' on page 10 undefined on input lin
e 134.


Package natbib Warning: Citation `Luo1991' on page 10 undefined on input line 1
34.


Package natbib Warning: Citation `Shaw1997a' on page 10 undefined on input line
 134.


Package natbib Warning: Citation `Shaw1997b' on page 10 undefined on input line
 134.


Package natbib Warning: Citation `Wagner1999' on page 10 undefined on input lin
e 134.


Package natbib Warning: Citation `Viswanathan1999' on page 10 undefined on inpu
t line 134.


Package natbib Warning: Citation `Garfinkel2000' on page 10 undefined on input 
line 134.


Package natbib Warning: Citation `Shannon2004' on page 10 undefined on input li
ne 134.


Package natbib Warning: Citation `Mahajan2008' on page 10 undefined on input li
ne 134.


Package natbib Warning: Citation `Luo1994' on page 10 undefined on input line 1
34.


Package natbib Warning: Citation `Luo1994a' on page 10 undefined on input line 
134.


Package natbib Warning: Citation `Zeng1995' on page 10 undefined on input line 
134.


Package natbib Warning: Citation `Sanguinetti1990' on page 10 undefined on inpu
t line 134.


Package natbib Warning: Citation `Shaw1997' on page 10 undefined on input line 
134.


Package natbib Warning: Citation `Clancy1999' on page 10 undefined on input lin
e 134.


Package natbib Warning: Citation `Hodgkin1952' on page 10 undefined on input li
ne 136.


Package natbib Warning: Citation `Shannon2004' on page 10 undefined on input li
ne 138.


Package natbib Warning: Citation `Mahajan2008' on page 10 undefined on input li
ne 138.


Package natbib Warning: Citation `Zeng1995' on page 10 undefined on input line 
138.


Package natbib Warning: Citation `Puglisi2001' on page 10 undefined on input li
ne 138.


Package natbib Warning: Citation `Bassani2004' on page 10 undefined on input li
ne 138.

[10] [11]

Package natbib Warning: Citation `Hodgkin1952' on page 12 undefined on input li
ne 169.


Package natbib Warning: Citation `Hodgkin1952' on page 12 undefined on input li
ne 175.

[12]
LaTeX Info: Redefining \bond on input line 191.
LaTeX Info: Redefining \dbond on input line 191.
LaTeX Info: Redefining \tbond on input line 191.
LaTeX Info: Redefining \bond on input line 191.
LaTeX Info: Redefining \dbond on input line 191.
LaTeX Info: Redefining \tbond on input line 191.
LaTeX Info: Redefining \bond on input line 191.
LaTeX Info: Redefining \dbond on input line 191.
LaTeX Info: Redefining \tbond on input line 191.
LaTeX Info: Redefining \bond on input line 191.
LaTeX Info: Redefining \dbond on input line 191.
LaTeX Info: Redefining \tbond on input line 191.
LaTeX Info: Redefining \bond on input line 191.
LaTeX Info: Redefining \dbond on input line 191.
LaTeX Info: Redefining \tbond on input line 191.
LaTeX Info: Redefining \bond on input line 191.
LaTeX Info: Redefining \dbond on input line 191.
LaTeX Info: Redefining \tbond on input line 191.
LaTeX Info: Redefining \bond on input line 191.
LaTeX Info: Redefining \dbond on input line 191.
LaTeX Info: Redefining \tbond on input line 191.
LaTeX Info: Redefining \bond on input line 191.
LaTeX Info: Redefining \dbond on input line 191.
LaTeX Info: Redefining \tbond on input line 191.
LaTeX Info: Redefining \bond on input line 191.
LaTeX Info: Redefining \dbond on input line 191.
LaTeX Info: Redefining \tbond on input line 191.
LaTeX Info: Redefining \bond on input line 191.
LaTeX Info: Redefining \dbond on input line 191.
LaTeX Info: Redefining \tbond on input line 191.
LaTeX Info: Redefining \bond on input line 191.
LaTeX Info: Redefining \dbond on input line 191.
LaTeX Info: Redefining \tbond on input line 191.
LaTeX Info: Redefining \bond on input line 191.
LaTeX Info: Redefining \dbond on input line 191.
LaTeX Info: Redefining \tbond on input line 191.
LaTeX Info: Redefining \bond on input line 191.
LaTeX Info: Redefining \dbond on input line 191.
LaTeX Info: Redefining \tbond on input line 191.
LaTeX Info: Redefining \bond on input line 191.
LaTeX Info: Redefining \dbond on input line 191.
LaTeX Info: Redefining \tbond on input line 191.
LaTeX Info: Redefining \bond on input line 191.
LaTeX Info: Redefining \dbond on input line 191.
LaTeX Info: Redefining \tbond on input line 191.
LaTeX Info: Redefining \bond on input line 191.
LaTeX Info: Redefining \dbond on input line 191.
LaTeX Info: Redefining \tbond on input line 191.
LaTeX Info: Redefining \bond on input line 191.
LaTeX Info: Redefining \dbond on input line 191.
LaTeX Info: Redefining \tbond on input line 191.
LaTeX Info: Redefining \bond on input line 191.
LaTeX Info: Redefining \dbond on input line 191.
LaTeX Info: Redefining \tbond on input line 191.
LaTeX Info: Redefining \bond on input line 191.
LaTeX Info: Redefining \dbond on input line 191.
LaTeX Info: Redefining \tbond on input line 191.
LaTeX Info: Redefining \bond on input line 191.
LaTeX Info: Redefining \dbond on input line 191.
LaTeX Info: Redefining \tbond on input line 191.
LaTeX Info: Redefining \bond on input line 191.
LaTeX Info: Redefining \dbond on input line 191.
LaTeX Info: Redefining \tbond on input line 191.
LaTeX Info: Redefining \bond on input line 191.
LaTeX Info: Redefining \dbond on input line 191.
LaTeX Info: Redefining \tbond on input line 191.
LaTeX Info: Redefining \bond on input line 191.
LaTeX Info: Redefining \dbond on input line 191.
LaTeX Info: Redefining \tbond on input line 191.
LaTeX Info: Redefining \bond on input line 191.
LaTeX Info: Redefining \dbond on input line 191.
LaTeX Info: Redefining \tbond on input line 191.
LaTeX Info: Redefining \bond on input line 191.
LaTeX Info: Redefining \dbond on input line 191.
LaTeX Info: Redefining \tbond on input line 191.
LaTeX Info: Redefining \bond on input line 191.
LaTeX Info: Redefining \dbond on input line 191.
LaTeX Info: Redefining \tbond on input line 191.
LaTeX Info: Redefining \bond on input line 191.
LaTeX Info: Redefining \dbond on input line 191.
LaTeX Info: Redefining \tbond on input line 191.
LaTeX Info: Redefining \bond on input line 191.
LaTeX Info: Redefining \dbond on input line 191.
LaTeX Info: Redefining \tbond on input line 191.
LaTeX Info: Redefining \bond on input line 191.
LaTeX Info: Redefining \dbond on input line 191.
LaTeX Info: Redefining \tbond on input line 191.
LaTeX Info: Redefining \bond on input line 191.
LaTeX Info: Redefining \dbond on input line 191.
LaTeX Info: Redefining \tbond on input line 191.
LaTeX Info: Redefining \bond on input line 191.
LaTeX Info: Redefining \dbond on input line 191.
LaTeX Info: Redefining \tbond on input line 191.
LaTeX Info: Redefining \bond on input line 191.
LaTeX Info: Redefining \dbond on input line 191.
LaTeX Info: Redefining \tbond on input line 191.
LaTeX Info: Redefining \bond on input line 191.
LaTeX Info: Redefining \dbond on input line 191.
LaTeX Info: Redefining \tbond on input line 191.
LaTeX Info: Redefining \bond on input line 191.
LaTeX Info: Redefining \dbond on input line 191.
LaTeX Info: Redefining \tbond on input line 191.
LaTeX Info: Redefining \bond on input line 191.
LaTeX Info: Redefining \dbond on input line 191.
LaTeX Info: Redefining \tbond on input line 191.
LaTeX Info: Redefining \bond on input line 191.
LaTeX Info: Redefining \dbond on input line 191.
LaTeX Info: Redefining \tbond on input line 191.


Package natbib Warning: Citation `Gaborit2007' on page 13 undefined on input li
ne 207.


Package natbib Warning: Citation `Edelman2001' on page 13 undefined on input li
ne 207.


Package natbib Warning: Citation `Nattel2010' on page 13 undefined on input lin
e 207.


Package natbib Warning: Citation `Walmsley2013' on page 13 undefined on input l
ine 207.


Package natbib Warning: Citation `Marder2011' on page 13 undefined on input lin
e 207.


Package natbib Warning: Citation `Goaillard2009' on page 13 undefined on input 
line 207.


Underfull \vbox (badness 3049) has occurred while \output is active []

 [13]

Package natbib Warning: Citation `Carmeliet2002' on page 14 undefined on input 
line 209.


Package natbib Warning: Citation `Antzelevitch1991' on page 14 undefined on inp
ut line 209.


Package natbib Warning: Citation `Walmsley2010' on page 14 undefined on input l
ine 209.


Package natbib Warning: Citation `Taylor1997' on page 14 undefined on input lin
e 209.


Package natbib Warning: Citation `Kannankeril2010' on page 14 undefined on inpu
t line 209.


Package natbib Warning: There were undefined citations.

[14] (/users/philg/Documents/3_2010-2011/thesis/LitReview/litreview.aux) ) 
Here is how much of TeX's memory you used:
 6925 strings out of 256216
 100870 string characters out of 1917072
 177302 words of memory out of 1500000
 10009 multiletter control sequences out of 10000+200000
 21642 words of font info for 56 fonts, out of 1200000 for 2000
 645 hyphenation exceptions out of 8191
 54i,28n,82p,1759b,467s stack positions out of 5000i,500n,6000p,200000b,15000s
pdfTe
X warning (dest): name{subsection.0.3.2} has been referenced but does not exist
, replaced by a fixed one

pdfTeX warning (dest): name{section.0.4} has been referenced but does not exist
, replaced by a fixed one

 </users/philg/.texlive2007/texmf-var/fonts/pk/ljfour/jknappen/ec/ecrm0600.600p
k> </users/philg/.texlive2007/texmf-var/fonts/pk/ljfour/jknappen/ec/ecrm1000.65
7pk> </users/philg/.texlive2007/texmf-var/fonts/pk/ljfour/jknappen/ec/ecbx1200.
600pk> </users/philg/.texlive2007/texmf-var/fonts/pk/ljfour/jknappen/ec/ecrm080
0.600pk> </users/philg/.texlive2007/texmf-var/fonts/pk/ljfour/jknappen/ec/ecbx1
200.720pk> </users/philg/.texlive2007/texmf-var/fonts/pk/ljfour/jknappen/ec/ecr
m1200.600pk> </users/philg/.texlive2007/texmf-var/fonts/pk/ljfour/jknappen/ec/e
cbx1200.864pk> </users/philg/.texlive2007/texmf-var/fonts/pk/ljfour/jknappen/ec
/ecti1200.600pk> </users/philg/.texlive2007/texmf-var/fonts/pk/ljfour/jknappen/
ec/ecti1000.657pk> </users/philg/.texlive2007/texmf-var/fonts/pk/ljfour/jknappe
n/ec/ecbx1000.657pk></usr/share/texmf/fonts/type1/bluesky/cm/cmbx12.pfb></usr/s
hare/texmf/fonts/type1/bluesky/cm/cmex10.pfb></usr/share/texmf/fonts/type1/blue
sky/cm/cmmi12.pfb></usr/share/texmf/fonts/type1/bluesky/cm/cmmi6.pfb></usr/shar
e/texmf/fonts/type1/bluesky/cm/cmmi8.pfb></usr/share/texmf/fonts/type1/bluesky/
cm/cmr12.pfb></usr/share/texmf/fonts/type1/bluesky/cm/cmr6.pfb></usr/share/texm
f/fonts/type1/bluesky/cm/cmr8.pfb></usr/share/texmf/fonts/type1/bluesky/cm/cmsy
10.pfb></usr/share/texmf/fonts/type1/bluesky/cm/cmsy6.pfb></usr/share/texmf/fon
ts/type1/bluesky/cm/cmsy8.pfb>
Output written on litreview.pdf (14 pages, 1560197 bytes).
PDF statistics:
 549 PDF objects out of 1000 (max. 8388607)
 43 named destinations out of 1000 (max. 131072)
 74 words of extra memory for PDF output out of 10000 (max. 10000000)

