\BOOKMARK [0][-]{chapter.1}{Literature Review}{}% 1
\BOOKMARK [1][-]{section.1.1}{Cardiac Physiology}{chapter.1}% 2
\BOOKMARK [2][-]{subsection.1.1.1}{Structure of the Mammalian Heart}{section.1.1}% 3
\BOOKMARK [2][-]{subsection.1.1.2}{Electrophysiological Properties of Cardiomyocytes}{section.1.1}% 4
\BOOKMARK [3][-]{subsubsection*.4}{The Action Potential}{subsection.1.1.2}% 5
\BOOKMARK [3][-]{subsubsection*.7}{Ion Channel Dynamics}{subsection.1.1.2}% 6
\BOOKMARK [3][-]{subsubsection*.8}{Excitation-Contraction Coupling}{subsection.1.1.2}% 7
\BOOKMARK [1][-]{section.1.2}{Computational Cell Models}{chapter.1}% 8
\BOOKMARK [2][-]{subsection.1.2.1}{Key Concepts}{section.1.2}% 9
\BOOKMARK [3][-]{subsubsection*.9}{Nernst Potential}{subsection.1.2.1}% 10
\BOOKMARK [3][-]{subsubsection*.10}{Hodgkin-Huxley Current}{subsection.1.2.1}% 11
\BOOKMARK [3][-]{subsubsection*.11}{Markov Models}{subsection.1.2.1}% 12
\BOOKMARK [2][-]{subsection.1.2.2}{Development}{section.1.2}% 13
\BOOKMARK [2][-]{subsection.1.2.3}{Difficulties in Model Construction}{section.1.2}% 14
\BOOKMARK [1][-]{section.1.3}{Variation}{chapter.1}% 15
\BOOKMARK [2][-]{subsection.1.3.1}{Experimental \046 Physiological Variation}{section.1.3}% 16
\BOOKMARK [3][-]{subsubsection*.12}{Action Potential Variation}{subsection.1.3.1}% 17
\BOOKMARK [3][-]{subsubsection*.13}{Ion Channel Variation}{subsection.1.3.1}% 18
\BOOKMARK [2][-]{subsection.1.3.2}{Computational Modelling of Variation}{section.1.3}% 19
\BOOKMARK [3][-]{subsubsection*.15}{Stochastic Methods}{subsection.1.3.2}% 20
\BOOKMARK [3][-]{subsubsection*.16}{Deterministic Methods}{subsection.1.3.2}% 21
\BOOKMARK [1][-]{section.1.4}{Cardiac Disease}{chapter.1}% 22
\BOOKMARK [2][-]{subsection.1.4.1}{Isch\346mia}{section.1.4}% 23
\BOOKMARK [3][-]{subsubsection*.18}{Isch\346mic Changes in AP}{subsection.1.4.1}% 24
\BOOKMARK [3][-]{subsubsection*.20}{Isch\346mic Changes in [Ca2+]i}{subsection.1.4.1}% 25
\BOOKMARK [3][-]{subsubsection*.22}{Other Isch\346mic Changes}{subsection.1.4.1}% 26
\BOOKMARK [3][-]{subsubsection*.23}{Anoxia}{subsection.1.4.1}% 27
\BOOKMARK [3][-]{subsubsection*.24}{Hyperkal\346mia}{subsection.1.4.1}% 28
\BOOKMARK [3][-]{subsubsection*.25}{Acidosis}{subsection.1.4.1}% 29
\BOOKMARK [2][-]{subsection.1.4.2}{Arrhythmogenesis}{section.1.4}% 30
\BOOKMARK [3][-]{subsubsection*.26}{Delayed \046 Early After Depolarisations}{subsection.1.4.2}% 31
\BOOKMARK [3][-]{subsubsection*.27}{Alternans}{subsection.1.4.2}% 32
\BOOKMARK [3][-]{subsubsection*.29}{Spiral Waves \046 Rotors}{subsection.1.4.2}% 33
\BOOKMARK [3][-]{subsubsection*.30}{Re-entry}{subsection.1.4.2}% 34
